<?xml version="1.0" encoding="UTF-8"?>
<testsuite name="org.hyperskill.tests.stopwatch.Stage1UnitTest" tests="3" skipped="0" failures="0" errors="0" timestamp="2024-12-12T14:51:58" hostname="DESKTOP-3O8HO5H" time="3.33">
  <properties/>
  <testcase name="checkStartButton" classname="org.hyperskill.tests.stopwatch.Stage1UnitTest" time="3.17"/>
  <testcase name="checkTextView" classname="org.hyperskill.tests.stopwatch.Stage1UnitTest" time="0.078"/>
  <testcase name="checkResetButton" classname="org.hyperskill.tests.stopwatch.Stage1UnitTest" time="0.082"/>
  <system-out><![CDATA[]]></system-out>
  <system-err><![CDATA[]]></system-err>
</testsuite>
